
> web-astro@1.0.0 build /Users/iosifs./Desktop/meseriasProject/apps/web-astro
> astro check && astro build

16:57:27 [types] Generated 49ms
16:57:27 [check] Getting diagnostics for Astro files in /Users/iosifs./Desktop/meseriasProject/apps/web-astro...
[96msrc/layouts/Base.astro[0m:[93m42[0m:[93m13[0m - [93mwarning[0m[90m astro(4000): [0mThis script will be treated as if it has the `is:inline` directive because it contains an attribute. Therefore, features that require processing (e.g. using TypeScript or npm packages in the script) are unavailable.

See docs for more details: https://docs.astro.build/en/guides/client-side-scripts/#script-processing.

Add the `is:inline` directive explicitly to silence this hint.

[7m42[0m     <script type="application/ld+json" set:html={JSON.stringify({
[7m  [0m [93m            ~~~~[0m

Result (9 files): 
- 0 errors
- 0 warnings
- 1 hint

16:57:30 [types] Generated 61ms
16:57:30 [build] output: "static"
16:57:30 [build] directory: /Users/iosifs./Desktop/meseriasProject/apps/web-astro/.vercel/output/static/
16:57:30 [build] adapter: @astrojs/vercel/static
16:57:30 [build] Collecting build info...
16:57:30 [build] ✓ Completed in 77ms.
16:57:30 [build] Building static entrypoints...
16:57:30 [vite] ✓ built in 543ms
16:57:30 [build] ✓ Completed in 566ms.

 generating static routes 
16:57:30 ▶ src/pages/meseriasi/index.astro
16:57:30   └─ /meseriasi/index.html (+4ms)
16:57:30 λ src/pages/robots.txt.ts
16:57:30   └─ /robots.txt (+2ms)
16:57:30 ▶ src/pages/servicii/[categorie]/[serviciu]/[oras]/index.astro
16:57:30   ├─ /servicii/constructii/zugrav/bucuresti/index.html (+3ms)
16:57:30   ├─ /servicii/constructii/zugrav/cluj-napoca/index.html (+2ms)
16:57:30   ├─ /servicii/constructii/zugrav/timisoara/index.html (+1ms)
16:57:30   ├─ /servicii/constructii/zugrav/iasi/index.html (+1ms)
16:57:30   ├─ /servicii/constructii/zugrav/constanta/index.html (+1ms)
16:57:30   ├─ /servicii/constructii/zugrav/craiova/index.html (+1ms)
16:57:30   ├─ /servicii/constructii/zugrav/brasov/index.html (+2ms)
16:57:30   ├─ /servicii/constructii/zugrav/galati/index.html (+1ms)
16:57:30   ├─ /servicii/constructii/zugrav/ploiesti/index.html (+1ms)
16:57:30   ├─ /servicii/constructii/zugrav/oradea/index.html (+1ms)
16:57:30   ├─ /servicii/constructii/zugrav/braila/index.html (+2ms)
16:57:30   ├─ /servicii/constructii/zugrav/arad/index.html (+1ms)
16:57:30   ├─ /servicii/constructii/zugrav/pitesti/index.html (+2ms)
16:57:30   ├─ /servicii/constructii/zugrav/sibiu/index.html (+1ms)
16:57:30   ├─ /servicii/constructii/zugrav/bacau/index.html (+2ms)
16:57:30   ├─ /servicii/constructii/zugrav/targu-mures/index.html (+1ms)
16:57:30   ├─ /servicii/constructii/zugrav/baia-mare/index.html (+1ms)
16:57:30   ├─ /servicii/constructii/zugrav/buzau/index.html (+1ms)
16:57:30   ├─ /servicii/constructii/zugrav/botosani/index.html (+1ms)
16:57:30   ├─ /servicii/constructii/zugrav/satu-mare/index.html (+1ms)
16:57:30   ├─ /servicii/constructii/electrician/bucuresti/index.html (+2ms)
16:57:30   ├─ /servicii/constructii/electrician/cluj-napoca/index.html (+1ms)
16:57:30   ├─ /servicii/constructii/electrician/timisoara/index.html (+1ms)
16:57:30   ├─ /servicii/constructii/electrician/iasi/index.html (+1ms)
16:57:30   ├─ /servicii/constructii/electrician/constanta/index.html (+1ms)
16:57:30   ├─ /servicii/constructii/electrician/craiova/index.html (+2ms)
16:57:30   ├─ /servicii/constructii/electrician/brasov/index.html (+1ms)
16:57:30   ├─ /servicii/constructii/electrician/galati/index.html (+1ms)
16:57:30   ├─ /servicii/constructii/electrician/ploiesti/index.html (+1ms)
16:57:30   ├─ /servicii/constructii/electrician/oradea/index.html (+1ms)
16:57:30   ├─ /servicii/constructii/electrician/braila/index.html (+1ms)
16:57:30   ├─ /servicii/constructii/electrician/arad/index.html (+2ms)
16:57:30   ├─ /servicii/constructii/electrician/pitesti/index.html (+1ms)
16:57:30   ├─ /servicii/constructii/electrician/sibiu/index.html (+1ms)
16:57:30   ├─ /servicii/constructii/electrician/bacau/index.html (+1ms)
16:57:30   ├─ /servicii/constructii/electrician/targu-mures/index.html (+1ms)
16:57:30   ├─ /servicii/constructii/electrician/baia-mare/index.html (+1ms)
16:57:30   ├─ /servicii/constructii/electrician/buzau/index.html (+2ms)
16:57:30   ├─ /servicii/constructii/electrician/botosani/index.html (+1ms)
16:57:30   ├─ /servicii/constructii/electrician/satu-mare/index.html (+1ms)
16:57:30   ├─ /servicii/constructii/instalator/bucuresti/index.html (+2ms)
16:57:30   ├─ /servicii/constructii/instalator/cluj-napoca/index.html (+2ms)
16:57:30   ├─ /servicii/constructii/instalator/timisoara/index.html (+1ms)
16:57:30   ├─ /servicii/constructii/instalator/iasi/index.html (+1ms)
16:57:30   ├─ /servicii/constructii/instalator/constanta/index.html (+1ms)
16:57:30   ├─ /servicii/constructii/instalator/craiova/index.html (+2ms)
16:57:30   ├─ /servicii/constructii/instalator/brasov/index.html (+2ms)
16:57:30   ├─ /servicii/constructii/instalator/galati/index.html (+2ms)
16:57:30   ├─ /servicii/constructii/instalator/ploiesti/index.html (+1ms)
16:57:30   ├─ /servicii/constructii/instalator/oradea/index.html (+2ms)
16:57:30   ├─ /servicii/constructii/instalator/braila/index.html (+1ms)
16:57:30   ├─ /servicii/constructii/instalator/arad/index.html (+1ms)
16:57:30   ├─ /servicii/constructii/instalator/pitesti/index.html (+2ms)
16:57:30   ├─ /servicii/constructii/instalator/sibiu/index.html (+1ms)
16:57:30   ├─ /servicii/constructii/instalator/bacau/index.html (+1ms)
16:57:30   ├─ /servicii/constructii/instalator/targu-mures/index.html (+1ms)
16:57:30   ├─ /servicii/constructii/instalator/baia-mare/index.html (+2ms)
16:57:30   ├─ /servicii/constructii/instalator/buzau/index.html (+1ms)
16:57:30   ├─ /servicii/constructii/instalator/botosani/index.html (+2ms)
16:57:30   ├─ /servicii/constructii/instalator/satu-mare/index.html (+2ms)
16:57:30   ├─ /servicii/constructii/zidar/bucuresti/index.html (+2ms)
16:57:30   ├─ /servicii/constructii/zidar/cluj-napoca/index.html (+1ms)
16:57:30   ├─ /servicii/constructii/zidar/timisoara/index.html (+2ms)
16:57:30   ├─ /servicii/constructii/zidar/iasi/index.html (+2ms)
16:57:30   ├─ /servicii/constructii/zidar/constanta/index.html (+1ms)
16:57:30   ├─ /servicii/constructii/zidar/craiova/index.html (+1ms)
16:57:30   ├─ /servicii/constructii/zidar/brasov/index.html (+1ms)
16:57:30   ├─ /servicii/constructii/zidar/galati/index.html (+2ms)
16:57:30   ├─ /servicii/constructii/zidar/ploiesti/index.html (+1ms)
16:57:30   ├─ /servicii/constructii/zidar/oradea/index.html (+1ms)
16:57:30   ├─ /servicii/constructii/zidar/braila/index.html (+1ms)
16:57:30   ├─ /servicii/constructii/zidar/arad/index.html (+3ms)
16:57:30   ├─ /servicii/constructii/zidar/pitesti/index.html (+2ms)
16:57:30   ├─ /servicii/constructii/zidar/sibiu/index.html (+1ms)
16:57:30   ├─ /servicii/constructii/zidar/bacau/index.html (+2ms)
16:57:30   ├─ /servicii/constructii/zidar/targu-mures/index.html (+1ms)
16:57:30   ├─ /servicii/constructii/zidar/baia-mare/index.html (+1ms)
16:57:30   ├─ /servicii/constructii/zidar/buzau/index.html (+3ms)
16:57:30   ├─ /servicii/constructii/zidar/botosani/index.html (+1ms)
16:57:30   ├─ /servicii/constructii/zidar/satu-mare/index.html (+1ms)
16:57:30   ├─ /servicii/constructii/tamplar/bucuresti/index.html (+1ms)
16:57:30   ├─ /servicii/constructii/tamplar/cluj-napoca/index.html (+1ms)
16:57:30   ├─ /servicii/constructii/tamplar/timisoara/index.html (+2ms)
16:57:30   ├─ /servicii/constructii/tamplar/iasi/index.html (+1ms)
16:57:30   ├─ /servicii/constructii/tamplar/constanta/index.html (+1ms)
16:57:30   ├─ /servicii/constructii/tamplar/craiova/index.html (+1ms)
16:57:30   ├─ /servicii/constructii/tamplar/brasov/index.html (+1ms)
16:57:30   ├─ /servicii/constructii/tamplar/galati/index.html (+2ms)
16:57:30   ├─ /servicii/constructii/tamplar/ploiesti/index.html (+1ms)
16:57:30   ├─ /servicii/constructii/tamplar/oradea/index.html (+1ms)
16:57:30   ├─ /servicii/constructii/tamplar/braila/index.html (+1ms)
16:57:30   ├─ /servicii/constructii/tamplar/arad/index.html (+2ms)
16:57:30   ├─ /servicii/constructii/tamplar/pitesti/index.html (+1ms)
16:57:30   ├─ /servicii/constructii/tamplar/sibiu/index.html (+1ms)
16:57:30   ├─ /servicii/constructii/tamplar/bacau/index.html (+3ms)
16:57:30   ├─ /servicii/constructii/tamplar/targu-mures/index.html (+2ms)
16:57:30   ├─ /servicii/constructii/tamplar/baia-mare/index.html (+2ms)
16:57:30   ├─ /servicii/constructii/tamplar/buzau/index.html (+1ms)
16:57:30   ├─ /servicii/constructii/tamplar/botosani/index.html (+1ms)
16:57:30   ├─ /servicii/constructii/tamplar/satu-mare/index.html (+1ms)
16:57:30   ├─ /servicii/constructii/parchetar/bucuresti/index.html (+1ms)
16:57:30   ├─ /servicii/constructii/parchetar/cluj-napoca/index.html (+1ms)
16:57:30   ├─ /servicii/constructii/parchetar/timisoara/index.html (+1ms)
16:57:30   ├─ /servicii/constructii/parchetar/iasi/index.html (+1ms)
16:57:31   ├─ /servicii/constructii/parchetar/constanta/index.html (+1ms)
16:57:31   ├─ /servicii/constructii/parchetar/craiova/index.html (+1ms)
16:57:31   ├─ /servicii/constructii/parchetar/brasov/index.html (+0ms)
16:57:31   ├─ /servicii/constructii/parchetar/galati/index.html (+1ms)
16:57:31   ├─ /servicii/constructii/parchetar/ploiesti/index.html (+1ms)
16:57:31   ├─ /servicii/constructii/parchetar/oradea/index.html (+1ms)
16:57:31   ├─ /servicii/constructii/parchetar/braila/index.html (+1ms)
16:57:31   ├─ /servicii/constructii/parchetar/arad/index.html (+1ms)
16:57:31   ├─ /servicii/constructii/parchetar/pitesti/index.html (+1ms)
16:57:31   ├─ /servicii/constructii/parchetar/sibiu/index.html (+1ms)
16:57:31   ├─ /servicii/constructii/parchetar/bacau/index.html (+1ms)
16:57:31   ├─ /servicii/constructii/parchetar/targu-mures/index.html (+0ms)
16:57:31   ├─ /servicii/constructii/parchetar/baia-mare/index.html (+0ms)
16:57:31   ├─ /servicii/constructii/parchetar/buzau/index.html (+1ms)
16:57:31   ├─ /servicii/constructii/parchetar/botosani/index.html (+0ms)
16:57:31   ├─ /servicii/constructii/parchetar/satu-mare/index.html (+0ms)
16:57:31   ├─ /servicii/constructii/rigipsar/bucuresti/index.html (+1ms)
16:57:31   ├─ /servicii/constructii/rigipsar/cluj-napoca/index.html (+1ms)
16:57:31   ├─ /servicii/constructii/rigipsar/timisoara/index.html (+1ms)
16:57:31   ├─ /servicii/constructii/rigipsar/iasi/index.html (+1ms)
16:57:31   ├─ /servicii/constructii/rigipsar/constanta/index.html (+0ms)
16:57:31   ├─ /servicii/constructii/rigipsar/craiova/index.html (+0ms)
16:57:31   ├─ /servicii/constructii/rigipsar/brasov/index.html (+0ms)
16:57:31   ├─ /servicii/constructii/rigipsar/galati/index.html (+1ms)
16:57:31   ├─ /servicii/constructii/rigipsar/ploiesti/index.html (+0ms)
16:57:31   ├─ /servicii/constructii/rigipsar/oradea/index.html (+1ms)
16:57:31   ├─ /servicii/constructii/rigipsar/braila/index.html (+0ms)
16:57:31   ├─ /servicii/constructii/rigipsar/arad/index.html (+1ms)
16:57:31   ├─ /servicii/constructii/rigipsar/pitesti/index.html (+2ms)
16:57:31   ├─ /servicii/constructii/rigipsar/sibiu/index.html (+1ms)
16:57:31   ├─ /servicii/constructii/rigipsar/bacau/index.html (+0ms)
16:57:31   ├─ /servicii/constructii/rigipsar/targu-mures/index.html (+0ms)
16:57:31   ├─ /servicii/constructii/rigipsar/baia-mare/index.html (+1ms)
16:57:31   ├─ /servicii/constructii/rigipsar/buzau/index.html (+0ms)
16:57:31   ├─ /servicii/constructii/rigipsar/botosani/index.html (+0ms)
16:57:31   ├─ /servicii/constructii/rigipsar/satu-mare/index.html (+0ms)
16:57:31   ├─ /servicii/constructii/faiantar/bucuresti/index.html (+2ms)
16:57:31   ├─ /servicii/constructii/faiantar/cluj-napoca/index.html (+1ms)
16:57:31   ├─ /servicii/constructii/faiantar/timisoara/index.html (+1ms)
16:57:31   ├─ /servicii/constructii/faiantar/iasi/index.html (+0ms)
16:57:31   ├─ /servicii/constructii/faiantar/constanta/index.html (+0ms)
16:57:31   ├─ /servicii/constructii/faiantar/craiova/index.html (+0ms)
16:57:31   ├─ /servicii/constructii/faiantar/brasov/index.html (+0ms)
16:57:31   ├─ /servicii/constructii/faiantar/galati/index.html (+0ms)
16:57:31   ├─ /servicii/constructii/faiantar/ploiesti/index.html (+0ms)
16:57:31   ├─ /servicii/constructii/faiantar/oradea/index.html (+1ms)
16:57:31   ├─ /servicii/constructii/faiantar/braila/index.html (+0ms)
16:57:31   ├─ /servicii/constructii/faiantar/arad/index.html (+1ms)
16:57:31   ├─ /servicii/constructii/faiantar/pitesti/index.html (+1ms)
16:57:31   ├─ /servicii/constructii/faiantar/sibiu/index.html (+0ms)
16:57:31   ├─ /servicii/constructii/faiantar/bacau/index.html (+0ms)
16:57:31   ├─ /servicii/constructii/faiantar/targu-mures/index.html (+0ms)
16:57:31   ├─ /servicii/constructii/faiantar/baia-mare/index.html (+1ms)
16:57:31   ├─ /servicii/constructii/faiantar/buzau/index.html (+1ms)
16:57:31   ├─ /servicii/constructii/faiantar/botosani/index.html (+1ms)
16:57:31   ├─ /servicii/constructii/faiantar/satu-mare/index.html (+1ms)
16:57:31   ├─ /servicii/amenajari/amenajari-interioare/bucuresti/index.html (+1ms)
16:57:31   ├─ /servicii/amenajari/amenajari-interioare/cluj-napoca/index.html (+1ms)
16:57:31   ├─ /servicii/amenajari/amenajari-interioare/timisoara/index.html (+1ms)
16:57:31   ├─ /servicii/amenajari/amenajari-interioare/iasi/index.html (+1ms)
16:57:31   ├─ /servicii/amenajari/amenajari-interioare/constanta/index.html (+1ms)
16:57:31   ├─ /servicii/amenajari/amenajari-interioare/craiova/index.html (+1ms)
16:57:31   ├─ /servicii/amenajari/amenajari-interioare/brasov/index.html (+1ms)
16:57:31   ├─ /servicii/amenajari/amenajari-interioare/galati/index.html (+1ms)
16:57:31   ├─ /servicii/amenajari/amenajari-interioare/ploiesti/index.html (+1ms)
16:57:31   ├─ /servicii/amenajari/amenajari-interioare/oradea/index.html (+1ms)
16:57:31   ├─ /servicii/amenajari/amenajari-interioare/braila/index.html (+1ms)
16:57:31   ├─ /servicii/amenajari/amenajari-interioare/arad/index.html (+1ms)
16:57:31   ├─ /servicii/amenajari/amenajari-interioare/pitesti/index.html (+2ms)
16:57:31   ├─ /servicii/amenajari/amenajari-interioare/sibiu/index.html (+1ms)
16:57:31   ├─ /servicii/amenajari/amenajari-interioare/bacau/index.html (+1ms)
16:57:31   ├─ /servicii/amenajari/amenajari-interioare/targu-mures/index.html (+1ms)
16:57:31   ├─ /servicii/amenajari/amenajari-interioare/baia-mare/index.html (+1ms)
16:57:31   ├─ /servicii/amenajari/amenajari-interioare/buzau/index.html (+2ms)
16:57:31   ├─ /servicii/amenajari/amenajari-interioare/botosani/index.html (+1ms)
16:57:31   ├─ /servicii/amenajari/amenajari-interioare/satu-mare/index.html (+0ms)
16:57:31   ├─ /servicii/amenajari/design-interior/bucuresti/index.html (+1ms)
16:57:31   ├─ /servicii/amenajari/design-interior/cluj-napoca/index.html (+1ms)
16:57:31   ├─ /servicii/amenajari/design-interior/timisoara/index.html (+0ms)
16:57:31   ├─ /servicii/amenajari/design-interior/iasi/index.html (+0ms)
16:57:31   ├─ /servicii/amenajari/design-interior/constanta/index.html (+1ms)
16:57:31   ├─ /servicii/amenajari/design-interior/craiova/index.html (+1ms)
16:57:31   ├─ /servicii/amenajari/design-interior/brasov/index.html (+1ms)
16:57:31   ├─ /servicii/amenajari/design-interior/galati/index.html (+0ms)
16:57:31   ├─ /servicii/amenajari/design-interior/ploiesti/index.html (+0ms)
16:57:31   ├─ /servicii/amenajari/design-interior/oradea/index.html (+1ms)
16:57:31   ├─ /servicii/amenajari/design-interior/braila/index.html (+1ms)
16:57:31   ├─ /servicii/amenajari/design-interior/arad/index.html (+1ms)
16:57:31   ├─ /servicii/amenajari/design-interior/pitesti/index.html (+0ms)
16:57:31   ├─ /servicii/amenajari/design-interior/sibiu/index.html (+0ms)
16:57:31   ├─ /servicii/amenajari/design-interior/bacau/index.html (+0ms)
16:57:31   ├─ /servicii/amenajari/design-interior/targu-mures/index.html (+0ms)
16:57:31   ├─ /servicii/amenajari/design-interior/baia-mare/index.html (+1ms)
16:57:31   ├─ /servicii/amenajari/design-interior/buzau/index.html (+1ms)
16:57:31   ├─ /servicii/amenajari/design-interior/botosani/index.html (+0ms)
16:57:31   ├─ /servicii/amenajari/design-interior/satu-mare/index.html (+1ms)
16:57:31   ├─ /servicii/amenajari/mobila-la-comanda/bucuresti/index.html (+1ms)
16:57:31   ├─ /servicii/amenajari/mobila-la-comanda/cluj-napoca/index.html (+0ms)
16:57:31   ├─ /servicii/amenajari/mobila-la-comanda/timisoara/index.html (+0ms)
16:57:31   ├─ /servicii/amenajari/mobila-la-comanda/iasi/index.html (+0ms)
16:57:31   ├─ /servicii/amenajari/mobila-la-comanda/constanta/index.html (+0ms)
16:57:31   ├─ /servicii/amenajari/mobila-la-comanda/craiova/index.html (+0ms)
16:57:31   ├─ /servicii/amenajari/mobila-la-comanda/brasov/index.html (+1ms)
16:57:31   ├─ /servicii/amenajari/mobila-la-comanda/galati/index.html (+1ms)
16:57:31   ├─ /servicii/amenajari/mobila-la-comanda/ploiesti/index.html (+1ms)
16:57:31   ├─ /servicii/amenajari/mobila-la-comanda/oradea/index.html (+0ms)
16:57:31   ├─ /servicii/amenajari/mobila-la-comanda/braila/index.html (+0ms)
16:57:31   ├─ /servicii/amenajari/mobila-la-comanda/arad/index.html (+1ms)
16:57:31   ├─ /servicii/amenajari/mobila-la-comanda/pitesti/index.html (+1ms)
16:57:31   ├─ /servicii/amenajari/mobila-la-comanda/sibiu/index.html (+0ms)
16:57:31   ├─ /servicii/amenajari/mobila-la-comanda/bacau/index.html (+1ms)
16:57:31   ├─ /servicii/amenajari/mobila-la-comanda/targu-mures/index.html (+1ms)
16:57:31   ├─ /servicii/amenajari/mobila-la-comanda/baia-mare/index.html (+1ms)
16:57:31   ├─ /servicii/amenajari/mobila-la-comanda/buzau/index.html (+0ms)
16:57:31   ├─ /servicii/amenajari/mobila-la-comanda/botosani/index.html (+0ms)
16:57:31   ├─ /servicii/amenajari/mobila-la-comanda/satu-mare/index.html (+0ms)
16:57:31   ├─ /servicii/reparatii/reparatii-generale/bucuresti/index.html (+1ms)
16:57:31   ├─ /servicii/reparatii/reparatii-generale/cluj-napoca/index.html (+0ms)
16:57:31   ├─ /servicii/reparatii/reparatii-generale/timisoara/index.html (+0ms)
16:57:31   ├─ /servicii/reparatii/reparatii-generale/iasi/index.html (+0ms)
16:57:31   ├─ /servicii/reparatii/reparatii-generale/constanta/index.html (+0ms)
16:57:31   ├─ /servicii/reparatii/reparatii-generale/craiova/index.html (+0ms)
16:57:31   ├─ /servicii/reparatii/reparatii-generale/brasov/index.html (+1ms)
16:57:31   ├─ /servicii/reparatii/reparatii-generale/galati/index.html (+1ms)
16:57:31   ├─ /servicii/reparatii/reparatii-generale/ploiesti/index.html (+0ms)
16:57:31   ├─ /servicii/reparatii/reparatii-generale/oradea/index.html (+0ms)
16:57:31   ├─ /servicii/reparatii/reparatii-generale/braila/index.html (+0ms)
16:57:31   ├─ /servicii/reparatii/reparatii-generale/arad/index.html (+0ms)
16:57:31   ├─ /servicii/reparatii/reparatii-generale/pitesti/index.html (+0ms)
16:57:31   ├─ /servicii/reparatii/reparatii-generale/sibiu/index.html (+2ms)
16:57:31   ├─ /servicii/reparatii/reparatii-generale/bacau/index.html (+0ms)
16:57:31   ├─ /servicii/reparatii/reparatii-generale/targu-mures/index.html (+0ms)
16:57:31   ├─ /servicii/reparatii/reparatii-generale/baia-mare/index.html (+0ms)
16:57:31   ├─ /servicii/reparatii/reparatii-generale/buzau/index.html (+1ms)
16:57:31   ├─ /servicii/reparatii/reparatii-generale/botosani/index.html (+0ms)
16:57:31   ├─ /servicii/reparatii/reparatii-generale/satu-mare/index.html (+0ms)
16:57:31   ├─ /servicii/reparatii/reparatii-electrocasnice/bucuresti/index.html (+0ms)
16:57:31   ├─ /servicii/reparatii/reparatii-electrocasnice/cluj-napoca/index.html (+0ms)
16:57:31   ├─ /servicii/reparatii/reparatii-electrocasnice/timisoara/index.html (+0ms)
16:57:31   ├─ /servicii/reparatii/reparatii-electrocasnice/iasi/index.html (+0ms)
16:57:31   ├─ /servicii/reparatii/reparatii-electrocasnice/constanta/index.html (+0ms)
16:57:31   ├─ /servicii/reparatii/reparatii-electrocasnice/craiova/index.html (+1ms)
16:57:31   ├─ /servicii/reparatii/reparatii-electrocasnice/brasov/index.html (+1ms)
16:57:31   ├─ /servicii/reparatii/reparatii-electrocasnice/galati/index.html (+1ms)
16:57:31   ├─ /servicii/reparatii/reparatii-electrocasnice/ploiesti/index.html (+1ms)
16:57:31   ├─ /servicii/reparatii/reparatii-electrocasnice/oradea/index.html (+0ms)
16:57:31   ├─ /servicii/reparatii/reparatii-electrocasnice/braila/index.html (+0ms)
16:57:31   ├─ /servicii/reparatii/reparatii-electrocasnice/arad/index.html (+0ms)
16:57:31   ├─ /servicii/reparatii/reparatii-electrocasnice/pitesti/index.html (+0ms)
16:57:31   ├─ /servicii/reparatii/reparatii-electrocasnice/sibiu/index.html (+1ms)
16:57:31   ├─ /servicii/reparatii/reparatii-electrocasnice/bacau/index.html (+1ms)
16:57:31   ├─ /servicii/reparatii/reparatii-electrocasnice/targu-mures/index.html (+1ms)
16:57:31   ├─ /servicii/reparatii/reparatii-electrocasnice/baia-mare/index.html (+1ms)
16:57:31   ├─ /servicii/reparatii/reparatii-electrocasnice/buzau/index.html (+0ms)
16:57:31   ├─ /servicii/reparatii/reparatii-electrocasnice/botosani/index.html (+0ms)
16:57:31   ├─ /servicii/reparatii/reparatii-electrocasnice/satu-mare/index.html (+0ms)
16:57:31   ├─ /servicii/curatenie/curatenie-dupa-constructor/bucuresti/index.html (+1ms)
16:57:31   ├─ /servicii/curatenie/curatenie-dupa-constructor/cluj-napoca/index.html (+1ms)
16:57:31   ├─ /servicii/curatenie/curatenie-dupa-constructor/timisoara/index.html (+1ms)
16:57:31   ├─ /servicii/curatenie/curatenie-dupa-constructor/iasi/index.html (+1ms)
16:57:31   ├─ /servicii/curatenie/curatenie-dupa-constructor/constanta/index.html (+1ms)
16:57:31   ├─ /servicii/curatenie/curatenie-dupa-constructor/craiova/index.html (+0ms)
16:57:31   ├─ /servicii/curatenie/curatenie-dupa-constructor/brasov/index.html (+0ms)
16:57:31   ├─ /servicii/curatenie/curatenie-dupa-constructor/galati/index.html (+0ms)
16:57:31   ├─ /servicii/curatenie/curatenie-dupa-constructor/ploiesti/index.html (+0ms)
16:57:31   ├─ /servicii/curatenie/curatenie-dupa-constructor/oradea/index.html (+1ms)
16:57:31   ├─ /servicii/curatenie/curatenie-dupa-constructor/braila/index.html (+0ms)
16:57:31   ├─ /servicii/curatenie/curatenie-dupa-constructor/arad/index.html (+0ms)
16:57:31   ├─ /servicii/curatenie/curatenie-dupa-constructor/pitesti/index.html (+1ms)
16:57:31   ├─ /servicii/curatenie/curatenie-dupa-constructor/sibiu/index.html (+1ms)
16:57:31   ├─ /servicii/curatenie/curatenie-dupa-constructor/bacau/index.html (+0ms)
16:57:31   ├─ /servicii/curatenie/curatenie-dupa-constructor/targu-mures/index.html (+1ms)
16:57:31   ├─ /servicii/curatenie/curatenie-dupa-constructor/baia-mare/index.html (+1ms)
16:57:31   ├─ /servicii/curatenie/curatenie-dupa-constructor/buzau/index.html (+1ms)
16:57:31   ├─ /servicii/curatenie/curatenie-dupa-constructor/botosani/index.html (+1ms)
16:57:31   ├─ /servicii/curatenie/curatenie-dupa-constructor/satu-mare/index.html (+0ms)
16:57:31   ├─ /servicii/curatenie/curatenie-generala/bucuresti/index.html (+1ms)
16:57:31   ├─ /servicii/curatenie/curatenie-generala/cluj-napoca/index.html (+1ms)
16:57:31   ├─ /servicii/curatenie/curatenie-generala/timisoara/index.html (+0ms)
16:57:31   ├─ /servicii/curatenie/curatenie-generala/iasi/index.html (+0ms)
16:57:31   ├─ /servicii/curatenie/curatenie-generala/constanta/index.html (+0ms)
16:57:31   ├─ /servicii/curatenie/curatenie-generala/craiova/index.html (+0ms)
16:57:31   ├─ /servicii/curatenie/curatenie-generala/brasov/index.html (+0ms)
16:57:31   ├─ /servicii/curatenie/curatenie-generala/galati/index.html (+0ms)
16:57:31   ├─ /servicii/curatenie/curatenie-generala/ploiesti/index.html (+0ms)
16:57:31   ├─ /servicii/curatenie/curatenie-generala/oradea/index.html (+0ms)
16:57:31   ├─ /servicii/curatenie/curatenie-generala/braila/index.html (+0ms)
16:57:31   ├─ /servicii/curatenie/curatenie-generala/arad/index.html (+0ms)
16:57:31   ├─ /servicii/curatenie/curatenie-generala/pitesti/index.html (+0ms)
16:57:31   ├─ /servicii/curatenie/curatenie-generala/sibiu/index.html (+1ms)
16:57:31   ├─ /servicii/curatenie/curatenie-generala/bacau/index.html (+1ms)
16:57:31   ├─ /servicii/curatenie/curatenie-generala/targu-mures/index.html (+0ms)
16:57:31   ├─ /servicii/curatenie/curatenie-generala/baia-mare/index.html (+1ms)
16:57:31   ├─ /servicii/curatenie/curatenie-generala/buzau/index.html (+0ms)
16:57:31   ├─ /servicii/curatenie/curatenie-generala/botosani/index.html (+0ms)
16:57:31   └─ /servicii/curatenie/curatenie-generala/satu-mare/index.html (+0ms)
16:57:31 λ src/pages/sitemap.xml.ts
16:57:31   └─ /sitemap.xml (+1ms)
16:57:31 ▶ src/pages/index.astro
16:57:31   └─ /index.html (+0ms)
16:57:31 ✓ Completed in 390ms.

16:57:31 [build] 302 page(s) built in 1.06s
16:57:31 [build] Complete!
